<?xml version="1.0" encoding="UTF-8"?>
<testsuite name="ChatMessageTest" tests="4" skipped="0" failures="0" errors="0" timestamp="2024-08-09T00:46:05" hostname="ENOCK" time="0.044">
  <properties/>
  <testcase name="getFieldModifiers_arePrivate()" classname="ChatMessageTest" time="0.031"/>
  <testcase name="getMethods_retrieveClassFields_unchangedSinceConstruction()" classname="ChatMessageTest" time="0.007"/>
  <testcase name="getFieldModifiers_areFinal()" classname="ChatMessageTest" time="0.002"/>
  <testcase name="getClassModifiers_isFinal()" classname="ChatMessageTest" time="0.001"/>
  <system-out><![CDATA[]]></system-out>
  <system-err><![CDATA[]]></system-err>
</testsuite>
